<?xml version="1.0" encoding="UTF-8"?>
<!-- Generated by org.testng.reporters.JUnitReportReporter -->
<testsuite hostname="LAPTOP-PR1660L3" failures="0" tests="1" name="testCases.TC001_AccountRegistrationTest" time="2.654" errors="0" timestamp="2024-12-11T14:30:00 IST" skipped="0">
  <testcase classname="testCases.TC001_AccountRegistrationTest" name="verify_account_registration" time="2.654"/>
</testsuite> <!-- testCases.TC001_AccountRegistrationTest -->
