<?xml version="1.0" encoding="UTF-8"?>
<!-- Generated by org.testng.reporters.JUnitReportReporter -->
<testsuite hostname="LAPTOP-PR1660L3" failures="0" tests="1" name="testCases.TC002_LoginTest" time="1.329" errors="0" timestamp="2024-12-12T00:13:29 IST" skipped="0">
  <testcase classname="testCases.TC002_LoginTest" name="verify_login" time="1.329"/>
</testsuite> <!-- testCases.TC002_LoginTest -->
